Feb 26, 2007 10:03:43 AM vgrabber.Main main
INFO: Appliction started
Feb 26, 2007 10:07:30 AM vgrabber.grabber.Grabber ShowTime
INFO: Connection to server tooks 00.00.047
Feb 26, 2007 10:07:30 AM vgrabber.grabber.Grabber ShowTime
INFO: Read from buffer tooks 00.00.391
Feb 26, 2007 10:07:30 AM vgrabber.grabber.Grabber ShowTime
INFO: Grab messages tooks 00.00.000
Feb 26, 2007 10:07:30 AM vgrabber.grabber.Grabber ShowTime
INFO: Connection to server tooks 00.00.000
Feb 26, 2007 10:07:31 AM vgrabber.grabber.Grabber ShowTime
INFO: Read from buffer tooks 00.00.000
Feb 26, 2007 10:07:31 AM vgrabber.grabber.Grabber ShowTime
INFO: Connection to server tooks 00.00.000
Feb 26, 2007 10:07:32 AM vgrabber.grabber.Grabber ShowTime
INFO: Read from buffer tooks 00.01.156
Feb 26, 2007 10:07:32 AM vgrabber.grabber.Grabber ShowTime
INFO: Grab messages tooks 00.00.062
Feb 26, 2007 10:07:32 AM vgrabber.grabber.Grabber ShowTime
INFO: Connection to server tooks 00.00.000
Feb 26, 2007 10:07:32 AM vgrabber.grabber.Grabber ShowTime
INFO: Read from buffer tooks 00.00.015
Feb 26, 2007 10:07:32 AM vgrabber.grabber.Grabber ShowTime
INFO: Connection to server tooks 00.00.000
Feb 26, 2007 10:07:33 AM vgrabber.grabber.Grabber ShowTime
INFO: Read from buffer tooks 00.00.922
Feb 26, 2007 10:07:33 AM vgrabber.grabber.Grabber ShowTime
INFO: Grab messages tooks 00.00.000
Feb 26, 2007 10:07:33 AM vgrabber.grabber.Grabber ShowTime
INFO: Connection to server tooks 00.00.000
Feb 26, 2007 10:07:33 AM vgrabber.grabber.Grabber ShowTime
INFO: Read from buffer tooks 00.00.015
Feb 26, 2007 10:07:33 AM vgrabber.grabber.Grabber ShowTime
INFO: Connection to server tooks 00.00.000
Feb 26, 2007 10:07:34 AM vgrabber.grabber.Grabber ShowTime
INFO: Read from buffer tooks 00.00.375
Feb 26, 2007 10:07:34 AM vgrabber.grabber.Grabber ShowTime
INFO: Grab messages tooks 00.00.000
Feb 26, 2007 10:07:34 AM vgrabber.grabber.Grabber ShowTime
INFO: Connection to server tooks 00.00.000
Feb 26, 2007 10:07:35 AM vgrabber.grabber.Grabber ShowTime
INFO: Read from buffer tooks 00.01.109
Feb 26, 2007 10:07:35 AM vgrabber.grabber.Grabber ShowTime
INFO: Connection to server tooks 00.00.000
Feb 26, 2007 10:07:36 AM vgrabber.grabber.Grabber ShowTime
INFO: Read from buffer tooks 00.00.703
Feb 26, 2007 10:07:36 AM vgrabber.grabber.Grabber ShowTime
INFO: Grab messages tooks 00.00.000
Feb 26, 2007 10:07:36 AM vgrabber.grabber.Grabber ShowTime
INFO: Connection to server tooks 00.00.000
Feb 26, 2007 10:07:36 AM vgrabber.grabber.Grabber ShowTime
INFO: Read from buffer tooks 00.00.016
Feb 26, 2007 10:07:36 AM vgrabber.grabber.Grabber ShowTime
INFO: Connection to server tooks 00.00.000
Feb 26, 2007 10:07:36 AM vgrabber.grabber.Grabber ShowTime
INFO: Read from buffer tooks 00.00.047
Feb 26, 2007 10:07:36 AM vgrabber.grabber.Grabber ShowTime
INFO: Grab messages tooks 00.00.000
Feb 26, 2007 10:07:36 AM vgrabber.grabber.Grabber ShowTime
INFO: Connection to server tooks 00.00.000
Feb 26, 2007 10:07:37 AM vgrabber.grabber.Grabber ShowTime
INFO: Read from buffer tooks 00.00.016
Feb 26, 2007 10:07:37 AM vgrabber.grabber.Grabber ShowTime
INFO: Connection to server tooks 00.00.000
Feb 26, 2007 10:07:37 AM vgrabber.grabber.Grabber ShowTime
INFO: Read from buffer tooks 00.00.062
Feb 26, 2007 10:07:37 AM vgrabber.grabber.Grabber ShowTime
INFO: Grab messages tooks 00.00.000
Feb 26, 2007 10:07:37 AM vgrabber.grabber.Grabber ShowTime
INFO: Connection to server tooks 00.00.000
Feb 26, 2007 10:07:37 AM vgrabber.grabber.Grabber ShowTime
INFO: Read from buffer tooks 00.00.015
Feb 26, 2007 10:07:37 AM vgrabber.grabber.Grabber ShowTime
INFO: Connection to server tooks 00.00.000
Feb 26, 2007 10:07:37 AM vgrabber.grabber.Grabber ShowTime
INFO: Read from buffer tooks 00.00.406
Feb 26, 2007 10:07:37 AM vgrabber.grabber.Grabber ShowTime
INFO: Grab messages tooks 00.00.000
Feb 26, 2007 10:07:37 AM vgrabber.grabber.Grabber ShowTime
INFO: Connection to server tooks 00.00.016
Feb 26, 2007 10:07:38 AM vgrabber.grabber.Grabber ShowTime
INFO: Read from buffer tooks 00.00.016
Feb 26, 2007 10:07:38 AM vgrabber.grabber.Grabber ShowTime
INFO: Connection to server tooks 00.00.000
Feb 26, 2007 10:07:38 AM vgrabber.grabber.Grabber ShowTime
INFO: Read from buffer tooks 00.00.188
Feb 26, 2007 10:07:38 AM vgrabber.grabber.Grabber ShowTime
INFO: Grab messages tooks 00.00.000
Feb 26, 2007 10:07:38 AM vgrabber.grabber.Grabber ShowTime
INFO: Connection to server tooks 00.00.000
Feb 26, 2007 10:07:38 AM vgrabber.grabber.Grabber ShowTime
INFO: Read from buffer tooks 00.00.015
Feb 26, 2007 10:08:08 AM vgrabber.grabber.Grabber ShowTime
INFO: Store to DB tooks 00.30.421
Feb 26, 2007 10:17:19 AM vgrabber.grabber.Grabber ShowTime
INFO: Connection to server tooks 00.00.031
Feb 26, 2007 10:17:22 AM vgrabber.grabber.Grabber ShowTime
INFO: Read from buffer tooks 00.00.281
Feb 26, 2007 10:17:22 AM vgrabber.grabber.Grabber ShowTime
INFO: Grab messages tooks 00.00.000
Feb 26, 2007 10:17:22 AM vgrabber.grabber.Grabber ShowTime
INFO: Connection to server tooks 00.00.000
Feb 26, 2007 10:17:23 AM vgrabber.grabber.Grabber ShowTime
INFO: Read from buffer tooks 00.01.031
Feb 26, 2007 10:17:23 AM vgrabber.grabber.Grabber ShowTime
INFO: Connection to server tooks 00.00.000
Feb 26, 2007 10:17:25 AM vgrabber.grabber.Grabber ShowTime
INFO: Read from buffer tooks 00.01.765
Feb 26, 2007 10:17:25 AM vgrabber.grabber.Grabber ShowTime
INFO: Grab messages tooks 00.00.000
Feb 26, 2007 10:17:25 AM vgrabber.grabber.Grabber ShowTime
INFO: Connection to server tooks 00.00.000
Feb 26, 2007 10:17:25 AM vgrabber.grabber.Grabber ShowTime
INFO: Read from buffer tooks 00.00.016
Feb 26, 2007 10:17:25 AM vgrabber.grabber.Grabber ShowTime
INFO: Connection to server tooks 00.00.000
Feb 26, 2007 10:17:26 AM vgrabber.grabber.Grabber ShowTime
INFO: Read from buffer tooks 00.00.703
Feb 26, 2007 10:17:26 AM vgrabber.grabber.Grabber ShowTime
INFO: Grab messages tooks 00.00.000
Feb 26, 2007 10:17:26 AM vgrabber.grabber.Grabber ShowTime
INFO: Connection to server tooks 00.00.000
Feb 26, 2007 10:17:26 AM vgrabber.grabber.Grabber ShowTime
INFO: Read from buffer tooks 00.00.031
Feb 26, 2007 10:17:26 AM vgrabber.grabber.Grabber ShowTime
INFO: Connection to server tooks 00.00.000
Feb 26, 2007 10:17:26 AM vgrabber.grabber.Grabber ShowTime
INFO: Read from buffer tooks 00.00.266
Feb 26, 2007 10:17:26 AM vgrabber.grabber.Grabber ShowTime
INFO: Grab messages tooks 00.00.000
Feb 26, 2007 10:17:26 AM vgrabber.grabber.Grabber ShowTime
INFO: Connection to server tooks 00.00.000
Feb 26, 2007 10:17:27 AM vgrabber.grabber.Grabber ShowTime
INFO: Read from buffer tooks 00.00.031
Feb 26, 2007 10:17:27 AM vgrabber.grabber.Grabber ShowTime
INFO: Connection to server tooks 00.00.000
Feb 26, 2007 10:17:29 AM vgrabber.grabber.Grabber ShowTime
INFO: Read from buffer tooks 00.02.421
Feb 26, 2007 10:17:29 AM vgrabber.grabber.Grabber ShowTime
INFO: Grab messages tooks 00.00.094
Feb 26, 2007 10:17:29 AM vgrabber.grabber.Grabber ShowTime
INFO: Connection to server tooks 00.00.000
Feb 26, 2007 10:17:29 AM vgrabber.grabber.Grabber ShowTime
INFO: Read from buffer tooks 00.00.000
Feb 26, 2007 10:17:29 AM vgrabber.grabber.Grabber ShowTime
INFO: Connection to server tooks 00.00.000
Feb 26, 2007 10:17:30 AM vgrabber.grabber.Grabber ShowTime
INFO: Read from buffer tooks 00.00.047
Feb 26, 2007 10:17:30 AM vgrabber.grabber.Grabber ShowTime
INFO: Grab messages tooks 00.00.000
Feb 26, 2007 10:17:30 AM vgrabber.grabber.Grabber ShowTime
INFO: Connection to server tooks 00.00.000
Feb 26, 2007 10:17:30 AM vgrabber.grabber.Grabber ShowTime
INFO: Read from buffer tooks 00.00.015
Feb 26, 2007 10:17:30 AM vgrabber.grabber.Grabber ShowTime
INFO: Connection to server tooks 00.00.000
Feb 26, 2007 10:17:30 AM vgrabber.grabber.Grabber ShowTime
INFO: Read from buffer tooks 00.00.078
Feb 26, 2007 10:17:30 AM vgrabber.grabber.Grabber ShowTime
INFO: Grab messages tooks 00.00.000
Feb 26, 2007 10:17:30 AM vgrabber.grabber.Grabber ShowTime
INFO: Connection to server tooks 00.00.000
Feb 26, 2007 10:17:31 AM vgrabber.grabber.Grabber ShowTime
INFO: Read from buffer tooks 00.00.016
Feb 26, 2007 10:17:31 AM vgrabber.grabber.Grabber ShowTime
INFO: Connection to server tooks 00.00.000
Feb 26, 2007 10:17:31 AM vgrabber.grabber.Grabber ShowTime
INFO: Read from buffer tooks 00.00.265
Feb 26, 2007 10:17:31 AM vgrabber.grabber.Grabber ShowTime
INFO: Grab messages tooks 00.00.000
Feb 26, 2007 10:17:31 AM vgrabber.grabber.Grabber ShowTime
INFO: Connection to server tooks 00.00.000
Feb 26, 2007 10:17:32 AM vgrabber.grabber.Grabber ShowTime
INFO: Read from buffer tooks 00.00.578
Feb 26, 2007 10:17:32 AM vgrabber.grabber.Grabber ShowTime
INFO: Connection to server tooks 00.00.000
Feb 26, 2007 10:17:32 AM vgrabber.grabber.Grabber ShowTime
INFO: Read from buffer tooks 00.00.125
Feb 26, 2007 10:17:32 AM vgrabber.grabber.Grabber ShowTime
INFO: Grab messages tooks 00.00.000
Feb 26, 2007 10:17:32 AM vgrabber.grabber.Grabber ShowTime
INFO: Connection to server tooks 00.00.000
Feb 26, 2007 10:17:32 AM vgrabber.grabber.Grabber ShowTime
INFO: Read from buffer tooks 00.00.015
Feb 26, 2007 10:17:52 AM vgrabber.grabber.Grabber ShowTime
INFO: Store to DB tooks 00.19.484
Feb 26, 2007 10:19:16 AM vgrabber.grabber.Grabber ShowTime
INFO: Connection to server tooks 00.00.031
Feb 26, 2007 10:19:19 AM vgrabber.grabber.Grabber ShowTime
INFO: Read from buffer tooks 00.01.531
Feb 26, 2007 10:19:19 AM vgrabber.grabber.Grabber ShowTime
INFO: Grab messages tooks 00.00.000
Feb 26, 2007 10:19:19 AM vgrabber.grabber.Grabber ShowTime
INFO: Connection to server tooks 00.00.000
Feb 26, 2007 10:19:19 AM vgrabber.grabber.Grabber ShowTime
INFO: Read from buffer tooks 00.00.000
Feb 26, 2007 10:19:19 AM vgrabber.grabber.Grabber ShowTime
INFO: Connection to server tooks 00.00.000
Feb 26, 2007 10:19:21 AM vgrabber.grabber.Grabber ShowTime
INFO: Read from buffer tooks 00.01.235
Feb 26, 2007 10:19:21 AM vgrabber.grabber.Grabber ShowTime
INFO: Grab messages tooks 00.00.000
Feb 26, 2007 10:19:21 AM vgrabber.grabber.Grabber ShowTime
INFO: Connection to server tooks 00.00.000
Feb 26, 2007 10:19:21 AM vgrabber.grabber.Grabber ShowTime
INFO: Read from buffer tooks 00.00.031
Feb 26, 2007 10:19:21 AM vgrabber.grabber.Grabber ShowTime
INFO: Connection to server tooks 00.00.000
Feb 26, 2007 10:19:22 AM vgrabber.grabber.Grabber ShowTime
INFO: Read from buffer tooks 00.00.922
Feb 26, 2007 10:19:22 AM vgrabber.grabber.Grabber ShowTime
INFO: Grab messages tooks 00.00.000
Feb 26, 2007 10:19:22 AM vgrabber.grabber.Grabber ShowTime
INFO: Connection to server tooks 00.00.000
Feb 26, 2007 10:19:22 AM vgrabber.grabber.Grabber ShowTime
INFO: Read from buffer tooks 00.00.016
Feb 26, 2007 10:19:22 AM vgrabber.grabber.Grabber ShowTime
INFO: Connection to server tooks 00.00.000
Feb 26, 2007 10:19:23 AM vgrabber.grabber.Grabber ShowTime
INFO: Read from buffer tooks 00.00.422
Feb 26, 2007 10:19:23 AM vgrabber.grabber.Grabber ShowTime
INFO: Grab messages tooks 00.00.000
Feb 26, 2007 10:19:23 AM vgrabber.grabber.Grabber ShowTime
INFO: Connection to server tooks 00.00.000
Feb 26, 2007 10:19:23 AM vgrabber.grabber.Grabber ShowTime
INFO: Read from buffer tooks 00.00.016
Feb 26, 2007 10:19:23 AM vgrabber.grabber.Grabber ShowTime
INFO: Connection to server tooks 00.00.000
Feb 26, 2007 10:19:24 AM vgrabber.grabber.Grabber ShowTime
INFO: Read from buffer tooks 00.00.687
Feb 26, 2007 10:19:24 AM vgrabber.grabber.Grabber ShowTime
INFO: Grab messages tooks 00.00.000
Feb 26, 2007 10:19:24 AM vgrabber.grabber.Grabber ShowTime
INFO: Connection to server tooks 00.00.000
Feb 26, 2007 10:19:24 AM vgrabber.grabber.Grabber ShowTime
INFO: Read from buffer tooks 00.00.000
Feb 26, 2007 10:19:24 AM vgrabber.grabber.Grabber ShowTime
INFO: Connection to server tooks 00.00.000
Feb 26, 2007 10:19:24 AM vgrabber.grabber.Grabber ShowTime
INFO: Read from buffer tooks 00.00.187
Feb 26, 2007 10:19:24 AM vgrabber.grabber.Grabber ShowTime
INFO: Grab messages tooks 00.00.000
Feb 26, 2007 10:19:24 AM vgrabber.grabber.Grabber ShowTime
INFO: Connection to server tooks 00.00.000
Feb 26, 2007 10:19:25 AM vgrabber.grabber.Grabber ShowTime
INFO: Read from buffer tooks 00.00.015
Feb 26, 2007 10:19:25 AM vgrabber.grabber.Grabber ShowTime
INFO: Connection to server tooks 00.00.000
Feb 26, 2007 10:19:25 AM vgrabber.grabber.Grabber ShowTime
INFO: Read from buffer tooks 00.00.078
Feb 26, 2007 10:19:25 AM vgrabber.grabber.Grabber ShowTime
INFO: Grab messages tooks 00.00.000
Feb 26, 2007 10:19:25 AM vgrabber.grabber.Grabber ShowTime
INFO: Connection to server tooks 00.00.000
Feb 26, 2007 10:19:26 AM vgrabber.grabber.Grabber ShowTime
INFO: Read from buffer tooks 00.00.015
Feb 26, 2007 10:19:26 AM vgrabber.grabber.Grabber ShowTime
INFO: Connection to server tooks 00.00.000
Feb 26, 2007 10:19:27 AM vgrabber.grabber.Grabber ShowTime
INFO: Read from buffer tooks 00.01.187
Feb 26, 2007 10:19:27 AM vgrabber.grabber.Grabber ShowTime
INFO: Grab messages tooks 00.00.000
Feb 26, 2007 10:19:27 AM vgrabber.grabber.Grabber ShowTime
INFO: Connection to server tooks 00.00.000
Feb 26, 2007 10:19:27 AM vgrabber.grabber.Grabber ShowTime
INFO: Read from buffer tooks 00.00.016
Feb 26, 2007 10:19:27 AM vgrabber.grabber.Grabber ShowTime
INFO: Connection to server tooks 00.00.000
Feb 26, 2007 10:19:28 AM vgrabber.grabber.Grabber ShowTime
INFO: Read from buffer tooks 00.00.219
Feb 26, 2007 10:19:28 AM vgrabber.grabber.Grabber ShowTime
INFO: Grab messages tooks 00.00.000
Feb 26, 2007 10:19:28 AM vgrabber.grabber.Grabber ShowTime
INFO: Connection to server tooks 00.00.000
Feb 26, 2007 10:19:28 AM vgrabber.grabber.Grabber ShowTime
INFO: Read from buffer tooks 00.00.016
Feb 26, 2007 10:19:56 AM vgrabber.grabber.Grabber ShowTime
INFO: Store to DB tooks 00.27.905
Feb 26, 2007 11:12:29 AM vgrabber.client.MainFrame remTab
INFO: Appliction cloesed
Feb 26, 2007 12:32:54 PM vgrabber.Main main
INFO: Appliction started
Feb 26, 2007 12:34:49 PM vgrabber.grabber.Grabber ShowTime
INFO: Connection to server tooks 00.00.047
Feb 26, 2007 12:34:50 PM vgrabber.grabber.Grabber ShowTime
INFO: Read from buffer tooks 00.00.297
Feb 26, 2007 12:34:50 PM vgrabber.grabber.Grabber ShowTime
INFO: Grab messages tooks 00.00.000
Feb 26, 2007 12:34:50 PM vgrabber.grabber.Grabber ShowTime
INFO: Connection to server tooks 00.00.000
Feb 26, 2007 12:34:50 PM vgrabber.grabber.Grabber ShowTime
INFO: Read from buffer tooks 00.00.015
Feb 26, 2007 12:34:50 PM vgrabber.grabber.Grabber ShowTime
INFO: Connection to server tooks 00.00.000
Feb 26, 2007 12:34:51 PM vgrabber.grabber.Grabber ShowTime
INFO: Read from buffer tooks 00.01.172
Feb 26, 2007 12:34:51 PM vgrabber.grabber.Grabber ShowTime
INFO: Grab messages tooks 00.00.016
Feb 26, 2007 12:34:51 PM vgrabber.grabber.Grabber ShowTime
INFO: Connection to server tooks 00.00.000
Feb 26, 2007 12:34:51 PM vgrabber.grabber.Grabber ShowTime
INFO: Read from buffer tooks 00.00.016
Feb 26, 2007 12:34:51 PM vgrabber.grabber.Grabber ShowTime
INFO: Connection to server tooks 00.00.000
Feb 26, 2007 12:34:52 PM vgrabber.grabber.Grabber ShowTime
INFO: Read from buffer tooks 00.00.750
Feb 26, 2007 12:34:52 PM vgrabber.grabber.Grabber ShowTime
INFO: Grab messages tooks 00.00.000
Feb 26, 2007 12:34:52 PM vgrabber.grabber.Grabber ShowTime
INFO: Connection to server tooks 00.00.000
Feb 26, 2007 12:34:52 PM vgrabber.grabber.Grabber ShowTime
INFO: Read from buffer tooks 00.00.000
Feb 26, 2007 12:34:52 PM vgrabber.grabber.Grabber ShowTime
INFO: Connection to server tooks 00.00.000
Feb 26, 2007 12:34:53 PM vgrabber.grabber.Grabber ShowTime
INFO: Read from buffer tooks 00.00.390
Feb 26, 2007 12:34:53 PM vgrabber.grabber.Grabber ShowTime
INFO: Grab messages tooks 00.00.000
Feb 26, 2007 12:34:53 PM vgrabber.grabber.Grabber ShowTime
INFO: Connection to server tooks 00.00.000
Feb 26, 2007 12:34:55 PM vgrabber.grabber.Grabber ShowTime
INFO: Read from buffer tooks 00.01.016
Feb 26, 2007 12:34:55 PM vgrabber.grabber.Grabber ShowTime
INFO: Connection to server tooks 00.00.000
Feb 26, 2007 12:34:56 PM vgrabber.grabber.Grabber ShowTime
INFO: Read from buffer tooks 00.01.188
Feb 26, 2007 12:34:56 PM vgrabber.grabber.Grabber ShowTime
INFO: Grab messages tooks 00.00.000
Feb 26, 2007 12:34:56 PM vgrabber.grabber.Grabber ShowTime
INFO: Connection to server tooks 00.00.000
Feb 26, 2007 12:34:57 PM vgrabber.grabber.Grabber ShowTime
INFO: Read from buffer tooks 00.00.016
Feb 26, 2007 12:34:57 PM vgrabber.grabber.Grabber ShowTime
INFO: Connection to server tooks 00.00.000
Feb 26, 2007 12:34:57 PM vgrabber.grabber.Grabber ShowTime
INFO: Read from buffer tooks 00.00.016
Feb 26, 2007 12:34:57 PM vgrabber.grabber.Grabber ShowTime
INFO: Grab messages tooks 00.00.000
Feb 26, 2007 12:34:57 PM vgrabber.grabber.Grabber ShowTime
INFO: Connection to server tooks 00.00.000
Feb 26, 2007 12:34:57 PM vgrabber.grabber.Grabber ShowTime
INFO: Read from buffer tooks 00.00.000
Feb 26, 2007 12:34:57 PM vgrabber.grabber.Grabber ShowTime
INFO: Connection to server tooks 00.00.000
Feb 26, 2007 12:34:57 PM vgrabber.grabber.Grabber ShowTime
INFO: Read from buffer tooks 00.00.016
Feb 26, 2007 12:34:57 PM vgrabber.grabber.Grabber ShowTime
INFO: Grab messages tooks 00.00.016
Feb 26, 2007 12:34:57 PM vgrabber.grabber.Grabber ShowTime
INFO: Connection to server tooks 00.00.000
Feb 26, 2007 12:34:57 PM vgrabber.grabber.Grabber ShowTime
INFO: Read from buffer tooks 00.00.016
Feb 26, 2007 12:34:57 PM vgrabber.grabber.Grabber ShowTime
INFO: Connection to server tooks 00.00.000
Feb 26, 2007 12:34:58 PM vgrabber.grabber.Grabber ShowTime
INFO: Read from buffer tooks 00.00.297
Feb 26, 2007 12:34:58 PM vgrabber.grabber.Grabber ShowTime
INFO: Grab messages tooks 00.00.000
Feb 26, 2007 12:34:58 PM vgrabber.grabber.Grabber ShowTime
INFO: Connection to server tooks 00.00.000
Feb 26, 2007 12:34:59 PM vgrabber.grabber.Grabber ShowTime
INFO: Read from buffer tooks 00.00.546
Feb 26, 2007 12:34:59 PM vgrabber.grabber.Grabber ShowTime
INFO: Connection to server tooks 00.00.000
Feb 26, 2007 12:34:59 PM vgrabber.grabber.Grabber ShowTime
INFO: Read from buffer tooks 00.00.015
Feb 26, 2007 12:34:59 PM vgrabber.grabber.Grabber ShowTime
INFO: Grab messages tooks 00.00.000
Feb 26, 2007 12:34:59 PM vgrabber.grabber.Grabber ShowTime
INFO: Connection to server tooks 00.00.000
Feb 26, 2007 12:34:59 PM vgrabber.grabber.Grabber ShowTime
INFO: Read from buffer tooks 00.00.016
Feb 26, 2007 12:35:31 PM vgrabber.grabber.Grabber ShowTime
INFO: Store to DB tooks 00.31.124
Feb 26, 2007 1:00:25 PM vgrabber.client.MainFrame remTab
INFO: Appliction cloesed
Feb 26, 2007 1:51:26 PM vgrabber.Main main
INFO: Appliction started
Feb 26, 2007 1:52:34 PM vgrabber.grabber.Grabber ShowTime
INFO: Connection to server tooks 00.00.079
Feb 26, 2007 1:52:36 PM vgrabber.grabber.Grabber ShowTime
INFO: Read from buffer tooks 00.02.188
Feb 26, 2007 1:52:36 PM vgrabber.grabber.Grabber ShowTime
INFO: Grab messages tooks 00.00.016
Feb 26, 2007 1:52:36 PM vgrabber.grabber.Grabber ShowTime
INFO: Connection to server tooks 00.00.000
Feb 26, 2007 1:52:37 PM vgrabber.grabber.Grabber ShowTime
INFO: Read from buffer tooks 00.00.000
Feb 26, 2007 1:52:37 PM vgrabber.grabber.Grabber ShowTime
INFO: Connection to server tooks 00.00.000
Feb 26, 2007 1:52:38 PM vgrabber.grabber.Grabber ShowTime
INFO: Read from buffer tooks 00.01.109
Feb 26, 2007 1:52:38 PM vgrabber.grabber.Grabber ShowTime
INFO: Grab messages tooks 00.00.000
Feb 26, 2007 1:52:38 PM vgrabber.grabber.Grabber ShowTime
INFO: Connection to server tooks 00.00.016
Feb 26, 2007 1:52:38 PM vgrabber.grabber.Grabber ShowTime
INFO: Read from buffer tooks 00.00.015
Feb 26, 2007 1:52:38 PM vgrabber.grabber.Grabber ShowTime
INFO: Connection to server tooks 00.00.000
Feb 26, 2007 1:52:40 PM vgrabber.grabber.Grabber ShowTime
INFO: Read from buffer tooks 00.01.234
Feb 26, 2007 1:52:40 PM vgrabber.grabber.Grabber ShowTime
INFO: Grab messages tooks 00.00.000
Feb 26, 2007 1:52:40 PM vgrabber.grabber.Grabber ShowTime
INFO: Connection to server tooks 00.00.000
Feb 26, 2007 1:52:40 PM vgrabber.grabber.Grabber ShowTime
INFO: Read from buffer tooks 00.00.000
Feb 26, 2007 1:52:40 PM vgrabber.grabber.Grabber ShowTime
INFO: Connection to server tooks 00.00.000
Feb 26, 2007 1:52:41 PM vgrabber.grabber.Grabber ShowTime
INFO: Read from buffer tooks 00.01.094
Feb 26, 2007 1:52:41 PM vgrabber.grabber.Grabber ShowTime
INFO: Grab messages tooks 00.00.016
Feb 26, 2007 1:52:41 PM vgrabber.grabber.Grabber ShowTime
INFO: Connection to server tooks 00.00.000
Feb 26, 2007 1:52:41 PM vgrabber.grabber.Grabber ShowTime
INFO: Read from buffer tooks 00.00.016
Feb 26, 2007 1:52:41 PM vgrabber.grabber.Grabber ShowTime
INFO: Connection to server tooks 00.00.000
Feb 26, 2007 1:52:42 PM vgrabber.grabber.Grabber ShowTime
INFO: Read from buffer tooks 00.00.703
Feb 26, 2007 1:52:42 PM vgrabber.grabber.Grabber ShowTime
INFO: Grab messages tooks 00.00.000
Feb 26, 2007 1:52:42 PM vgrabber.grabber.Grabber ShowTime
INFO: Connection to server tooks 00.00.000
Feb 26, 2007 1:52:42 PM vgrabber.grabber.Grabber ShowTime
INFO: Read from buffer tooks 00.00.015
Feb 26, 2007 1:52:42 PM vgrabber.grabber.Grabber ShowTime
INFO: Connection to server tooks 00.00.000
Feb 26, 2007 1:52:43 PM vgrabber.grabber.Grabber ShowTime
INFO: Read from buffer tooks 00.00.266
Feb 26, 2007 1:52:43 PM vgrabber.grabber.Grabber ShowTime
INFO: Grab messages tooks 00.00.000
Feb 26, 2007 1:52:43 PM vgrabber.grabber.Grabber ShowTime
INFO: Connection to server tooks 00.00.000
Feb 26, 2007 1:52:43 PM vgrabber.grabber.Grabber ShowTime
INFO: Read from buffer tooks 00.00.016
Feb 26, 2007 1:52:43 PM vgrabber.grabber.Grabber ShowTime
INFO: Connection to server tooks 00.00.000
Feb 26, 2007 1:52:44 PM vgrabber.grabber.Grabber ShowTime
INFO: Read from buffer tooks 00.00.532
Feb 26, 2007 1:52:44 PM vgrabber.grabber.Grabber ShowTime
INFO: Grab messages tooks 00.00.000
Feb 26, 2007 1:52:44 PM vgrabber.grabber.Grabber ShowTime
INFO: Connection to server tooks 00.00.000
Feb 26, 2007 1:52:44 PM vgrabber.grabber.Grabber ShowTime
INFO: Read from buffer tooks 00.00.000
Feb 26, 2007 1:52:44 PM vgrabber.grabber.Grabber ShowTime
INFO: Connection to server tooks 00.00.000
Feb 26, 2007 1:52:44 PM vgrabber.grabber.Grabber ShowTime
INFO: Read from buffer tooks 00.00.031
Feb 26, 2007 1:52:44 PM vgrabber.grabber.Grabber ShowTime
INFO: Grab messages tooks 00.00.000
Feb 26, 2007 1:52:44 PM vgrabber.grabber.Grabber ShowTime
INFO: Connection to server tooks 00.00.000
Feb 26, 2007 1:52:44 PM vgrabber.grabber.Grabber ShowTime
INFO: Read from buffer tooks 00.00.016
Feb 26, 2007 1:52:44 PM vgrabber.grabber.Grabber ShowTime
INFO: Connection to server tooks 00.00.000
Feb 26, 2007 1:52:44 PM vgrabber.grabber.Grabber ShowTime
INFO: Read from buffer tooks 00.00.016
Feb 26, 2007 1:52:44 PM vgrabber.grabber.Grabber ShowTime
INFO: Grab messages tooks 00.00.000
Feb 26, 2007 1:52:44 PM vgrabber.grabber.Grabber ShowTime
INFO: Connection to server tooks 00.00.000
Feb 26, 2007 1:52:44 PM vgrabber.grabber.Grabber ShowTime
INFO: Read from buffer tooks 00.00.016
Feb 26, 2007 1:52:44 PM vgrabber.grabber.Grabber ShowTime
INFO: Connection to server tooks 00.00.000
Feb 26, 2007 1:52:45 PM vgrabber.grabber.Grabber ShowTime
INFO: Read from buffer tooks 00.00.266
Feb 26, 2007 1:52:45 PM vgrabber.grabber.Grabber ShowTime
INFO: Grab messages tooks 00.00.000
Feb 26, 2007 1:52:45 PM vgrabber.grabber.Grabber ShowTime
INFO: Connection to server tooks 00.00.000
Feb 26, 2007 1:52:45 PM vgrabber.grabber.Grabber ShowTime
INFO: Read from buffer tooks 00.00.016
Feb 26, 2007 1:52:45 PM vgrabber.grabber.Grabber ShowTime
INFO: Connection to server tooks 00.00.000
Feb 26, 2007 1:52:45 PM vgrabber.grabber.Grabber ShowTime
INFO: Read from buffer tooks 00.00.157
Feb 26, 2007 1:52:45 PM vgrabber.grabber.Grabber ShowTime
INFO: Grab messages tooks 00.00.000
Feb 26, 2007 1:52:45 PM vgrabber.grabber.Grabber ShowTime
INFO: Connection to server tooks 00.00.000
Feb 26, 2007 1:52:45 PM vgrabber.grabber.Grabber ShowTime
INFO: Read from buffer tooks 00.00.015
Feb 26, 2007 1:53:41 PM vgrabber.grabber.Grabber ShowTime
INFO: Store to DB tooks 00.55.452
Feb 26, 2007 2:01:58 PM vgrabber.client.MainFrame remTab
INFO: Appliction cloesed
